{"level":"info","msg":"Loading env","time":"2020-04-16T19:41:52+07:00"}
{"level":"info","msg":"listening port 8100","time":"2020-04-16T19:41:52+07:00"}
{"level":"info","msg":"Starting GRPC server","time":"2020-04-16T19:41:52+07:00"}
{"level":"info","msg":"Loading env","time":"2020-04-16T20:03:09+07:00"}
{"level":"info","msg":"listening port 8100","time":"2020-04-16T20:03:09+07:00"}
{"level":"info","msg":"Starting GRPC server","time":"2020-04-16T20:03:09+07:00"}
{"level":"info","msg":"Loading env","time":"2020-04-16T20:19:12+07:00"}
{"level":"info","msg":"listening port 8100","time":"2020-04-16T20:19:12+07:00"}
{"level":"info","msg":"Starting GRPC server","time":"2020-04-16T20:19:12+07:00"}
{"level":"info","msg":"Loading env","time":"2020-04-16T20:20:13+07:00"}
{"level":"info","msg":"listening port 8100","time":"2020-04-16T20:20:13+07:00"}
{"level":"info","msg":"Starting GRPC server","time":"2020-04-16T20:20:13+07:00"}
{"level":"info","msg":"Loading env","time":"2020-04-16T20:21:32+07:00"}
{"level":"info","msg":"listening port 8100","time":"2020-04-16T20:21:32+07:00"}
{"level":"info","msg":"Starting GRPC server","time":"2020-04-16T20:21:32+07:00"}
{"level":"info","msg":"Loading env","time":"2020-04-16T20:23:04+07:00"}
{"level":"info","msg":"listening port 8100","time":"2020-04-16T20:23:04+07:00"}
{"level":"info","msg":"Starting GRPC server","time":"2020-04-16T20:23:04+07:00"}
{"level":"info","msg":"Loading env","time":"2020-04-16T20:23:55+07:00"}
{"level":"info","msg":"listening port 8100","time":"2020-04-16T20:23:55+07:00"}
{"level":"info","msg":"Starting GRPC server","time":"2020-04-16T20:23:55+07:00"}
{"level":"info","msg":"Loading env","time":"2020-04-16T20:24:05+07:00"}
{"level":"info","msg":"listening port 8100","time":"2020-04-16T20:24:05+07:00"}
{"level":"info","msg":"Starting GRPC server","time":"2020-04-16T20:24:05+07:00"}
{"level":"info","msg":"Loading env","time":"2020-04-16T20:26:10+07:00"}
{"level":"info","msg":"listening port :8100","time":"2020-04-16T20:26:10+07:00"}
{"level":"info","msg":"Starting GRPC server","time":"2020-04-16T20:26:10+07:00"}
{"level":"info","msg":"Loading env","time":"2020-04-17T00:12:17+07:00"}
{"level":"info","msg":"listening port :8100","time":"2020-04-17T00:12:17+07:00"}
{"level":"info","msg":"Starting GRPC server","time":"2020-04-17T00:12:17+07:00"}
{"level":"info","msg":"Loading env","time":"2020-04-17T00:44:11+07:00"}
{"level":"info","msg":"listening port :8100","time":"2020-04-17T00:44:11+07:00"}
{"level":"info","msg":"Starting GRPC server","time":"2020-04-17T00:44:11+07:00"}
{"level":"info","msg":"Loading env","time":"2020-04-17T00:48:27+07:00"}
{"level":"info","msg":"listening port :8100","time":"2020-04-17T00:48:27+07:00"}
{"level":"info","msg":"Starting GRPC server","time":"2020-04-17T00:48:27+07:00"}
{"level":"info","msg":"Loading env","time":"2020-04-17T03:10:30+07:00"}
{"level":"info","msg":"listening port :8100","time":"2020-04-17T03:10:30+07:00"}
{"level":"info","msg":"Starting GRPC server","time":"2020-04-17T03:10:30+07:00"}
{"level":"info","msg":"Loading env","time":"2020-04-17T03:11:50+07:00"}
{"level":"info","msg":"listening port :8100","time":"2020-04-17T03:11:50+07:00"}
{"level":"info","msg":"Starting GRPC server","time":"2020-04-17T03:11:50+07:00"}
{"level":"info","msg":"Loading env","time":"2020-04-17T03:12:04+07:00"}
{"level":"info","msg":"listening port :8100","time":"2020-04-17T03:12:04+07:00"}
{"level":"info","msg":"Starting GRPC server","time":"2020-04-17T03:12:04+07:00"}
{"level":"info","msg":"Loading env","time":"2020-04-17T03:29:10+07:00"}
{"level":"info","msg":"listening port :8100","time":"2020-04-17T03:29:10+07:00"}
{"level":"info","msg":"Starting GRPC server","time":"2020-04-17T03:29:10+07:00"}
{"level":"info","msg":"Connecting to database","time":"2020-04-17T03:29:48+07:00"}
{"level":"info","msg":"Database connected","time":"2020-04-17T03:29:48+07:00"}
{"level":"info","msg":"Loading env","time":"2020-04-17T03:29:48+07:00"}
{"level":"info","msg":"listening port :8100","time":"2020-04-17T03:29:48+07:00"}
{"level":"info","msg":"Starting GRPC server","time":"2020-04-17T03:29:48+07:00"}
{"level":"info","msg":"Connecting to database","time":"2020-04-17T03:36:34+07:00"}
{"level":"info","msg":"Database connected","time":"2020-04-17T03:36:34+07:00"}
{"level":"info","msg":"Loading env","time":"2020-04-17T03:36:34+07:00"}
{"level":"info","msg":"listening port :8100","time":"2020-04-17T03:36:34+07:00"}
{"level":"info","msg":"Starting GRPC server","time":"2020-04-17T03:36:34+07:00"}
{"level":"info","msg":"Validating Hash","time":"2020-04-17T03:36:52+07:00"}
{"level":"info","msg":"Hash is validated","time":"2020-04-17T03:36:52+07:00"}
{"level":"info","msg":"Loading env","time":"2020-04-17T03:36:52+07:00"}
{"level":"info","msg":"Validating Hash","time":"2020-04-17T03:39:40+07:00"}
{"level":"info","msg":"Hash is validated","time":"2020-04-17T03:39:40+07:00"}
{"level":"info","msg":"Loading env","time":"2020-04-17T03:39:40+07:00"}
{"level":"info","msg":"Connecting to database","time":"2020-04-17T03:39:50+07:00"}
{"level":"info","msg":"Database connected","time":"2020-04-17T03:39:51+07:00"}
{"level":"info","msg":"Loading env","time":"2020-04-17T03:39:51+07:00"}
{"level":"info","msg":"listening port :8100","time":"2020-04-17T03:39:51+07:00"}
{"level":"info","msg":"Starting GRPC server","time":"2020-04-17T03:39:51+07:00"}
{"level":"info","msg":"Validating Hash","time":"2020-04-17T03:39:52+07:00"}
{"level":"info","msg":"Hash is validated","time":"2020-04-17T03:39:52+07:00"}
{"level":"info","msg":"Loading env","time":"2020-04-17T03:39:52+07:00"}
{"level":"info","msg":"Validating Hash","time":"2020-04-17T03:40:05+07:00"}
{"level":"error","msg":"Has is not Validated","time":"2020-04-17T03:40:05+07:00"}
{"level":"info","msg":"Loading env","time":"2020-04-17T03:40:05+07:00"}
{"level":"info","msg":"Validating Hash","time":"2020-04-17T03:40:10+07:00"}
{"level":"info","msg":"Hash is validated","time":"2020-04-17T03:40:10+07:00"}
{"level":"info","msg":"Loading env","time":"2020-04-17T03:40:10+07:00"}
{"level":"info","msg":"Connecting to database","time":"2020-04-17T03:42:51+07:00"}
{"level":"info","msg":"Database connected","time":"2020-04-17T03:42:51+07:00"}
{"level":"info","msg":"Loading env","time":"2020-04-17T03:42:51+07:00"}
{"level":"info","msg":"listening port :8100","time":"2020-04-17T03:42:51+07:00"}
{"level":"info","msg":"Starting GRPC server","time":"2020-04-17T03:42:51+07:00"}
{"level":"info","msg":"Validating Hash","time":"2020-04-17T03:42:59+07:00"}
{"level":"info","msg":"Hash is validated","time":"2020-04-17T03:42:59+07:00"}
{"level":"info","msg":"Loading env","time":"2020-04-17T03:42:59+07:00"}
{"level":"info","msg":"Validating Hash","time":"2020-04-17T03:43:09+07:00"}
{"level":"error","msg":"Has is not Validated","time":"2020-04-17T03:43:09+07:00"}
{"level":"info","msg":"Validating Hash","time":"2020-04-17T03:43:14+07:00"}
{"level":"info","msg":"Hash is validated","time":"2020-04-17T03:43:14+07:00"}
{"level":"info","msg":"Loading env","time":"2020-04-17T03:43:14+07:00"}
{"level":"info","msg":"Validating Hash","time":"2020-04-17T03:43:18+07:00"}
{"level":"info","msg":"Hash is validated","time":"2020-04-17T03:43:18+07:00"}
{"level":"info","msg":"Loading env","time":"2020-04-17T03:43:18+07:00"}
{"level":"info","msg":"Connecting to database","time":"2020-04-17T03:44:04+07:00"}
{"level":"info","msg":"Database connected","time":"2020-04-17T03:44:04+07:00"}
{"level":"info","msg":"Loading env","time":"2020-04-17T03:44:04+07:00"}
{"level":"info","msg":"listening port :8100","time":"2020-04-17T03:44:04+07:00"}
{"level":"info","msg":"Starting GRPC server","time":"2020-04-17T03:44:04+07:00"}
{"level":"info","msg":"Validating Hash","time":"2020-04-17T03:44:20+07:00"}
{"level":"info","msg":"Hash is validated","time":"2020-04-17T03:44:20+07:00"}
{"level":"info","msg":"Loading env","time":"2020-04-17T03:44:20+07:00"}
{"level":"info","msg":"Validating Hash","time":"2020-04-17T03:48:42+07:00"}
{"level":"info","msg":"Hash is validated","time":"2020-04-17T03:48:42+07:00"}
{"level":"info","msg":"Loading env","time":"2020-04-17T03:48:42+07:00"}
{"level":"info","msg":"Connecting to database","time":"2020-04-17T04:30:59+07:00"}
{"level":"info","msg":"Database connected","time":"2020-04-17T04:30:59+07:00"}
{"level":"info","msg":"Loading env","time":"2020-04-17T04:30:59+07:00"}
{"level":"info","msg":"listening port :8100","time":"2020-04-17T04:30:59+07:00"}
{"level":"info","msg":"Starting GRPC server","time":"2020-04-17T04:30:59+07:00"}
{"level":"info","msg":"Connecting to database","time":"2020-04-17T04:31:45+07:00"}
{"level":"info","msg":"Database connected","time":"2020-04-17T04:31:45+07:00"}
{"level":"info","msg":"Loading env","time":"2020-04-17T04:31:45+07:00"}
{"level":"info","msg":"listening port :8100","time":"2020-04-17T04:31:45+07:00"}
{"level":"info","msg":"Starting GRPC server","time":"2020-04-17T04:31:45+07:00"}
{"level":"info","msg":"Connecting to database","time":"2020-04-17T04:33:57+07:00"}
{"level":"info","msg":"Database connected","time":"2020-04-17T04:33:57+07:00"}
{"level":"info","msg":"Loading env","time":"2020-04-17T04:33:57+07:00"}
{"level":"info","msg":"\u0026{0xc000142500 {\u003cnil\u003e 0}}","time":"2020-04-17T04:33:57+07:00"}
{"level":"info","msg":"listening port :8100","time":"2020-04-17T04:33:57+07:00"}
{"level":"info","msg":"Starting GRPC server","time":"2020-04-17T04:33:57+07:00"}
{"level":"info","msg":"Connecting to database","time":"2020-04-17T04:35:21+07:00"}
{"level":"info","msg":"Database connected","time":"2020-04-17T04:35:22+07:00"}
{"level":"info","msg":"Loading env","time":"2020-04-17T04:35:22+07:00"}
{"level":"info","msg":"listening port :8100","time":"2020-04-17T04:35:22+07:00"}
{"level":"info","msg":"Starting GRPC server","time":"2020-04-17T04:35:22+07:00"}
{"level":"info","msg":"Connecting to database","time":"2020-04-17T04:36:27+07:00"}
{"level":"info","msg":"Database connected","time":"2020-04-17T04:36:27+07:00"}
{"level":"info","msg":"Loading env","time":"2020-04-17T04:36:27+07:00"}
{"level":"info","msg":"listening port :8100","time":"2020-04-17T04:36:27+07:00"}
{"level":"info","msg":"Starting GRPC server","time":"2020-04-17T04:36:27+07:00"}
{"level":"info","msg":"Connecting to database","time":"2020-04-17T04:36:59+07:00"}
{"level":"info","msg":"Database connected","time":"2020-04-17T04:36:59+07:00"}
{"level":"info","msg":"Loading env","time":"2020-04-17T04:36:59+07:00"}
{"level":"info","msg":"listening port :8100","time":"2020-04-17T04:36:59+07:00"}
{"level":"info","msg":"Starting GRPC server","time":"2020-04-17T04:36:59+07:00"}
{"level":"info","msg":"Connecting to database","time":"2020-04-17T04:42:01+07:00"}
{"level":"info","msg":"Database connected","time":"2020-04-17T04:42:01+07:00"}
{"level":"info","msg":"Loading env","time":"2020-04-17T04:42:01+07:00"}
{"level":"info","msg":"listening port :8100","time":"2020-04-17T04:42:01+07:00"}
{"level":"info","msg":"Starting GRPC server","time":"2020-04-17T04:42:01+07:00"}
{"level":"info","msg":"Connecting to database","time":"2020-04-17T04:44:00+07:00"}
{"level":"info","msg":"Database connected","time":"2020-04-17T04:44:00+07:00"}
{"level":"info","msg":"Loading env","time":"2020-04-17T04:44:00+07:00"}
{"level":"info","msg":"listening port :8100","time":"2020-04-17T04:44:00+07:00"}
{"level":"info","msg":"Starting GRPC server","time":"2020-04-17T04:44:00+07:00"}
{"level":"info","msg":"Connecting to database","time":"2020-04-17T04:50:18+07:00"}
{"level":"info","msg":"Database connected","time":"2020-04-17T04:50:18+07:00"}
{"level":"info","msg":"Loading env","time":"2020-04-17T04:50:18+07:00"}
{"level":"info","msg":"listening port :8100","time":"2020-04-17T04:50:18+07:00"}
{"level":"info","msg":"Starting GRPC server","time":"2020-04-17T04:50:18+07:00"}
{"level":"info","msg":"Connecting to database","time":"2020-04-17T04:51:27+07:00"}
{"level":"info","msg":"Database connected","time":"2020-04-17T04:51:27+07:00"}
{"level":"info","msg":"Loading env","time":"2020-04-17T04:51:27+07:00"}
{"level":"info","msg":"listening port :8100","time":"2020-04-17T04:51:27+07:00"}
{"level":"info","msg":"Starting GRPC server","time":"2020-04-17T04:51:27+07:00"}
{"level":"info","msg":"Connecting to database","time":"2020-04-17T04:56:08+07:00"}
{"level":"info","msg":"Database connected","time":"2020-04-17T04:56:08+07:00"}
{"level":"info","msg":"Loading env","time":"2020-04-17T04:56:08+07:00"}
{"level":"info","msg":"listening port :8100","time":"2020-04-17T04:56:08+07:00"}
{"level":"info","msg":"Starting GRPC server","time":"2020-04-17T04:56:08+07:00"}
{"level":"info","msg":"Connecting to database","time":"2020-04-17T04:59:30+07:00"}
{"level":"info","msg":"Database connected","time":"2020-04-17T04:59:30+07:00"}
{"level":"info","msg":"Connecting to database","time":"2020-04-17T05:01:04+07:00"}
{"level":"info","msg":"Database connected","time":"2020-04-17T05:01:04+07:00"}
{"level":"info","msg":"Connecting to database","time":"2020-04-17T05:01:14+07:00"}
{"level":"info","msg":"Database connected","time":"2020-04-17T05:01:14+07:00"}
{"level":"info","msg":"Connecting to database","time":"2020-04-17T05:04:36+07:00"}
{"level":"info","msg":"Database connected","time":"2020-04-17T05:04:36+07:00"}
{"level":"info","msg":"Connecting to database","time":"2020-04-17T05:05:58+07:00"}
{"level":"info","msg":"Database connected","time":"2020-04-17T05:05:58+07:00"}
{"level":"info","msg":"Connecting to database","time":"2020-04-17T05:10:03+07:00"}
{"level":"info","msg":"Database connected","time":"2020-04-17T05:10:03+07:00"}
{"level":"info","msg":"Connecting to database","time":"2020-04-17T05:10:50+07:00"}
{"level":"info","msg":"Database connected","time":"2020-04-17T05:10:50+07:00"}
{"level":"info","msg":"Connecting to database","time":"2020-04-17T05:15:06+07:00"}
{"level":"info","msg":"Database connected","time":"2020-04-17T05:15:06+07:00"}
{"level":"info","msg":"Connecting to database","time":"2020-04-17T05:15:32+07:00"}
{"level":"info","msg":"Database connected","time":"2020-04-17T05:15:32+07:00"}
{"level":"info","msg":"Connecting to database","time":"2020-04-17T05:15:56+07:00"}
{"level":"info","msg":"Database connected","time":"2020-04-17T05:15:56+07:00"}
{"level":"info","msg":"Loading env","time":"2020-04-17T05:15:56+07:00"}
{"level":"info","msg":"listening port :8100","time":"2020-04-17T05:15:56+07:00"}
{"level":"info","msg":"Starting GRPC server","time":"2020-04-17T05:15:56+07:00"}
{"level":"info","msg":"Connecting to database","time":"2020-04-17T05:16:41+07:00"}
{"level":"info","msg":"Database connected","time":"2020-04-17T05:16:41+07:00"}
{"level":"info","msg":"Loading env","time":"2020-04-17T05:16:41+07:00"}
{"level":"info","msg":"listening port :8100","time":"2020-04-17T05:16:41+07:00"}
{"level":"info","msg":"Starting GRPC server","time":"2020-04-17T05:16:41+07:00"}
{"level":"info","msg":"Connecting to database","time":"2020-04-17T05:17:14+07:00"}
{"level":"info","msg":"Database connected","time":"2020-04-17T05:17:14+07:00"}
{"level":"info","msg":"Loading env","time":"2020-04-17T05:17:14+07:00"}
{"level":"info","msg":"listening port :8100","time":"2020-04-17T05:17:14+07:00"}
{"level":"info","msg":"Starting GRPC server","time":"2020-04-17T05:17:14+07:00"}
{"level":"info","msg":"Connecting to database","time":"2020-04-17T05:18:16+07:00"}
{"level":"info","msg":"Database connected","time":"2020-04-17T05:18:16+07:00"}
{"level":"info","msg":"Loading env","time":"2020-04-17T05:18:16+07:00"}
{"level":"info","msg":"listening port :8100","time":"2020-04-17T05:18:16+07:00"}
{"level":"info","msg":"Starting GRPC server","time":"2020-04-17T05:18:16+07:00"}
{"level":"info","msg":"Connecting to database","time":"2020-04-17T05:18:47+07:00"}
{"level":"info","msg":"Database connected","time":"2020-04-17T05:18:47+07:00"}
{"level":"info","msg":"Connecting to database","time":"2020-04-17T05:39:44+07:00"}
{"level":"info","msg":"Database connected","time":"2020-04-17T05:39:44+07:00"}
{"level":"info","msg":"Loading env","time":"2020-04-17T05:39:44+07:00"}
{"level":"info","msg":"listening port :8100","time":"2020-04-17T05:39:44+07:00"}
{"level":"info","msg":"Starting GRPC server","time":"2020-04-17T05:39:44+07:00"}
{"level":"info","msg":"Connecting to database","time":"2020-04-17T05:42:35+07:00"}
{"level":"info","msg":"Database connected","time":"2020-04-17T05:42:35+07:00"}
{"level":"info","msg":"Loading env","time":"2020-04-17T05:42:35+07:00"}
{"level":"info","msg":"listening port :8100","time":"2020-04-17T05:42:35+07:00"}
{"level":"info","msg":"Starting GRPC server","time":"2020-04-17T05:42:35+07:00"}
{"level":"info","msg":"Connecting to database","time":"2020-04-17T05:48:20+07:00"}
{"level":"info","msg":"Database connected","time":"2020-04-17T05:48:20+07:00"}
{"level":"info","msg":"Connecting to database","time":"2020-04-17T05:55:15+07:00"}
{"level":"info","msg":"Database connected","time":"2020-04-17T05:55:15+07:00"}
{"level":"info","msg":"Connecting to database","time":"2020-04-17T06:08:54+07:00"}
{"level":"info","msg":"Database connected","time":"2020-04-17T06:08:54+07:00"}
{"level":"info","msg":"Loading env","time":"2020-04-17T06:08:54+07:00"}
{"level":"info","msg":"listening port :8100","time":"2020-04-17T06:08:54+07:00"}
{"level":"info","msg":"Starting GRPC server","time":"2020-04-17T06:08:54+07:00"}
{"level":"info","msg":"Connecting to database","time":"2020-04-17T06:34:07+07:00"}
{"level":"info","msg":"Database connected","time":"2020-04-17T06:34:07+07:00"}
{"level":"info","msg":"Loading env","time":"2020-04-17T06:34:07+07:00"}
{"level":"info","msg":"listening port :8100","time":"2020-04-17T06:34:07+07:00"}
{"level":"info","msg":"Starting GRPC server","time":"2020-04-17T06:34:07+07:00"}
{"level":"info","msg":"Connecting to database","time":"2020-04-17T06:35:07+07:00"}
{"level":"info","msg":"Database connected","time":"2020-04-17T06:35:07+07:00"}
{"level":"info","msg":"Connecting to database","time":"2020-04-17T06:55:00+07:00"}
{"level":"info","msg":"Database connected","time":"2020-04-17T06:55:00+07:00"}
{"level":"info","msg":"\u003cnil\u003e","time":"2020-04-17T06:55:00+07:00"}
{"level":"info","msg":"Loading env","time":"2020-04-17T06:55:00+07:00"}
{"level":"info","msg":"listening port :8100","time":"2020-04-17T06:55:00+07:00"}
{"level":"info","msg":"Starting GRPC server","time":"2020-04-17T06:55:00+07:00"}
{"level":"info","msg":"Connecting to database","time":"2020-04-17T06:56:03+07:00"}
{"level":"info","msg":"Database connected","time":"2020-04-17T06:56:03+07:00"}
{"level":"info","msg":"\u003cnil\u003e","time":"2020-04-17T06:56:03+07:00"}
{"level":"info","msg":"Loading env","time":"2020-04-17T06:56:03+07:00"}
{"level":"info","msg":"listening port :8100","time":"2020-04-17T06:56:03+07:00"}
{"level":"info","msg":"Starting GRPC server","time":"2020-04-17T06:56:03+07:00"}
{"level":"info","msg":"Connecting to database","time":"2020-04-17T06:56:44+07:00"}
{"level":"info","msg":"Database connected","time":"2020-04-17T06:56:44+07:00"}
{"level":"info","msg":"\u003cnil\u003e","time":"2020-04-17T06:56:44+07:00"}
{"level":"info","msg":"Loading env","time":"2020-04-17T06:56:44+07:00"}
{"level":"info","msg":"listening port :8100","time":"2020-04-17T06:56:44+07:00"}
{"level":"info","msg":"Starting GRPC server","time":"2020-04-17T06:56:44+07:00"}
{"level":"info","msg":"Connecting to database","time":"2020-04-17T06:56:57+07:00"}
{"level":"info","msg":"Database connected","time":"2020-04-17T06:56:57+07:00"}
{"level":"info","msg":"\u003cnil\u003e","time":"2020-04-17T06:56:57+07:00"}
{"level":"info","msg":"Loading env","time":"2020-04-17T06:56:57+07:00"}
{"level":"info","msg":"listening port :8100","time":"2020-04-17T06:56:57+07:00"}
{"level":"info","msg":"Starting GRPC server","time":"2020-04-17T06:56:57+07:00"}
{"level":"info","msg":"Connecting to database","time":"2020-04-17T06:57:42+07:00"}
{"level":"info","msg":"Database connected","time":"2020-04-17T06:57:42+07:00"}
{"level":"info","msg":"\u003cnil\u003e","time":"2020-04-17T06:57:42+07:00"}
{"level":"info","msg":"Loading env","time":"2020-04-17T06:57:42+07:00"}
{"level":"info","msg":"listening port :8100","time":"2020-04-17T06:57:42+07:00"}
{"level":"info","msg":"Starting GRPC server","time":"2020-04-17T06:57:42+07:00"}
{"level":"info","msg":"Connecting to database","time":"2020-04-17T06:58:12+07:00"}
{"level":"info","msg":"Database connected","time":"2020-04-17T06:58:12+07:00"}
{"level":"info","msg":"\u003cnil\u003e","time":"2020-04-17T06:58:12+07:00"}
{"level":"info","msg":"Loading env","time":"2020-04-17T06:58:12+07:00"}
{"level":"info","msg":"listening port :8100","time":"2020-04-17T06:58:12+07:00"}
{"level":"info","msg":"Starting GRPC server","time":"2020-04-17T06:58:12+07:00"}
{"level":"info","msg":"Connecting to database","time":"2020-04-17T07:00:13+07:00"}
{"level":"info","msg":"Database connected","time":"2020-04-17T07:00:13+07:00"}
{"level":"info","msg":"\u0026{ab1faa5ac0e342eaafde7073d9aaa0b4 achwan.yusuf@gmail.com $2a$04$Zf3eMfnvIU5b61s8DN0miOIGVig0n7VxcuYnBWIqMB1I41JDpzlUG Jalan }","time":"2020-04-17T07:00:13+07:00"}
{"level":"info","msg":"Loading env","time":"2020-04-17T07:00:13+07:00"}
{"level":"info","msg":"listening port :8100","time":"2020-04-17T07:00:13+07:00"}
{"level":"info","msg":"Starting GRPC server","time":"2020-04-17T07:00:13+07:00"}
{"level":"info","msg":"Connecting to database","time":"2020-04-17T07:02:36+07:00"}
{"level":"info","msg":"Database connected","time":"2020-04-17T07:02:36+07:00"}
{"level":"info","msg":"\u0026{ab1faa5ac0e342eaafde7073d9aaa0b4 achwan.yusuf@gmail.com $2a$04$Zf3eMfnvIU5b61s8DN0miOIGVig0n7VxcuYnBWIqMB1I41JDpzlUG Jalan }","time":"2020-04-17T07:02:36+07:00"}
{"level":"info","msg":"Loading env","time":"2020-04-17T07:02:36+07:00"}
{"level":"info","msg":"listening port :8100","time":"2020-04-17T07:02:36+07:00"}
{"level":"info","msg":"Starting GRPC server","time":"2020-04-17T07:02:36+07:00"}
{"level":"info","msg":"Connecting to database","time":"2020-04-17T07:03:37+07:00"}
{"level":"info","msg":"Database connected","time":"2020-04-17T07:03:37+07:00"}
{"level":"info","msg":"\u0026{ab1faa5ac0e342eaafde7073d9aaa0b4 achwan.yusuf@gmail.com $2a$04$Zf3eMfnvIU5b61s8DN0miOIGVig0n7VxcuYnBWIqMB1I41JDpzlUG Jalan }","time":"2020-04-17T07:03:37+07:00"}
{"level":"info","msg":"Loading env","time":"2020-04-17T07:03:37+07:00"}
{"level":"info","msg":"listening port :8100","time":"2020-04-17T07:03:37+07:00"}
{"level":"info","msg":"Starting GRPC server","time":"2020-04-17T07:03:37+07:00"}
{"level":"info","msg":"Connecting to database","time":"2020-04-17T07:10:45+07:00"}
{"level":"info","msg":"Database connected","time":"2020-04-17T07:10:45+07:00"}
{"level":"info","msg":"Loading env","time":"2020-04-17T07:10:45+07:00"}
{"level":"info","msg":"listening port :8100","time":"2020-04-17T07:10:45+07:00"}
{"level":"info","msg":"Starting GRPC server","time":"2020-04-17T07:10:45+07:00"}
{"level":"info","msg":"Connecting to database","time":"2020-04-17T07:11:20+07:00"}
{"level":"info","msg":"Database connected","time":"2020-04-17T07:11:20+07:00"}
{"level":"info","msg":"Loading env","time":"2020-04-17T07:11:20+07:00"}
{"level":"info","msg":"listening port :8100","time":"2020-04-17T07:11:20+07:00"}
{"level":"info","msg":"Starting GRPC server","time":"2020-04-17T07:11:20+07:00"}
{"level":"info","msg":"Connecting to database","time":"2020-04-17T07:15:15+07:00"}
{"level":"info","msg":"Database connected","time":"2020-04-17T07:15:15+07:00"}
{"level":"info","msg":"Loading env","time":"2020-04-17T07:15:15+07:00"}
{"level":"info","msg":"listening port :8100","time":"2020-04-17T07:15:15+07:00"}
{"level":"info","msg":"Starting GRPC server","time":"2020-04-17T07:15:15+07:00"}
{"level":"info","msg":"Connecting to database","time":"2020-04-17T07:26:21+07:00"}
{"level":"info","msg":"Database connected","time":"2020-04-17T07:26:21+07:00"}
{"level":"info","msg":"\u0026{0xc000146240}","time":"2020-04-17T07:26:21+07:00"}
{"level":"info","msg":"Loading env","time":"2020-04-17T07:26:21+07:00"}
{"level":"info","msg":"listening port :8100","time":"2020-04-17T07:26:21+07:00"}
{"level":"info","msg":"Starting GRPC server","time":"2020-04-17T07:26:21+07:00"}
{"level":"info","msg":"Connecting to database","time":"2020-04-17T07:29:12+07:00"}
{"level":"info","msg":"Database connected","time":"2020-04-17T07:29:12+07:00"}
{"level":"info","msg":"Loading env","time":"2020-04-17T07:29:12+07:00"}
{"level":"info","msg":"listening port :8100","time":"2020-04-17T07:29:12+07:00"}
{"level":"info","msg":"Starting GRPC server","time":"2020-04-17T07:29:12+07:00"}
{"level":"info","msg":"Connecting to database","time":"2020-04-17T07:36:09+07:00"}
{"level":"info","msg":"Database connected","time":"2020-04-17T07:36:09+07:00"}
{"level":"info","msg":"Loading env","time":"2020-04-17T07:36:09+07:00"}
{"level":"info","msg":"listening port :8100","time":"2020-04-17T07:36:09+07:00"}
{"level":"info","msg":"Starting GRPC server","time":"2020-04-17T07:36:09+07:00"}
{"level":"info","msg":"Connecting to database","time":"2020-04-17T07:37:19+07:00"}
{"level":"info","msg":"Database connected","time":"2020-04-17T07:37:19+07:00"}
{"level":"info","msg":"Loading env","time":"2020-04-17T07:37:19+07:00"}
{"level":"info","msg":"listening port :8100","time":"2020-04-17T07:37:19+07:00"}
{"level":"info","msg":"Starting GRPC server","time":"2020-04-17T07:37:19+07:00"}
{"level":"info","msg":"Connecting to database","time":"2020-04-17T07:37:59+07:00"}
{"level":"info","msg":"Database connected","time":"2020-04-17T07:37:59+07:00"}
{"level":"info","msg":"Connecting to database","time":"2020-04-17T07:38:08+07:00"}
{"level":"info","msg":"Database connected","time":"2020-04-17T07:38:08+07:00"}
{"level":"info","msg":"Connecting to database","time":"2020-04-17T07:38:37+07:00"}
{"level":"info","msg":"Database connected","time":"2020-04-17T07:38:37+07:00"}
{"level":"info","msg":"Loading env","time":"2020-04-17T07:38:37+07:00"}
{"level":"info","msg":"listening port :8100","time":"2020-04-17T07:38:37+07:00"}
{"level":"info","msg":"Starting GRPC server","time":"2020-04-17T07:38:37+07:00"}
{"level":"info","msg":"Connecting to database","time":"2020-04-17T07:39:15+07:00"}
{"level":"info","msg":"Database connected","time":"2020-04-17T07:39:15+07:00"}
{"level":"info","msg":"Loading env","time":"2020-04-17T07:39:15+07:00"}
{"level":"info","msg":"listening port :8100","time":"2020-04-17T07:39:15+07:00"}
{"level":"info","msg":"Starting GRPC server","time":"2020-04-17T07:39:15+07:00"}
{"level":"info","msg":"Connecting to database","time":"2020-04-17T07:40:06+07:00"}
{"level":"info","msg":"Database connected","time":"2020-04-17T07:40:06+07:00"}
{"level":"info","msg":"Loading env","time":"2020-04-17T07:40:06+07:00"}
{"level":"info","msg":"listening port :8100","time":"2020-04-17T07:40:06+07:00"}
{"level":"info","msg":"Starting GRPC server","time":"2020-04-17T07:40:06+07:00"}
{"level":"info","msg":"Connecting to database","time":"2020-04-17T07:40:23+07:00"}
{"level":"info","msg":"Database connected","time":"2020-04-17T07:40:23+07:00"}
{"level":"info","msg":"Loading env","time":"2020-04-17T07:40:23+07:00"}
{"level":"info","msg":"listening port :8100","time":"2020-04-17T07:40:23+07:00"}
{"level":"info","msg":"Starting GRPC server","time":"2020-04-17T07:40:23+07:00"}
{"level":"info","msg":"Connecting to database","time":"2020-04-17T07:40:49+07:00"}
{"level":"info","msg":"Database connected","time":"2020-04-17T07:40:49+07:00"}
{"level":"info","msg":"Loading env","time":"2020-04-17T07:40:49+07:00"}
{"level":"info","msg":"listening port :8100","time":"2020-04-17T07:40:49+07:00"}
{"level":"info","msg":"Starting GRPC server","time":"2020-04-17T07:40:49+07:00"}
{"level":"info","msg":"Validating Hash","time":"2020-04-17T07:41:08+07:00"}
{"level":"info","msg":"Hash is validated","time":"2020-04-17T07:41:08+07:00"}
{"level":"info","msg":"Loading env","time":"2020-04-17T07:41:08+07:00"}
{"level":"info","msg":"Connecting to database","time":"2020-04-17T07:41:57+07:00"}
{"level":"info","msg":"Database connected","time":"2020-04-17T07:41:57+07:00"}
{"level":"info","msg":"Loading env","time":"2020-04-17T07:41:57+07:00"}
{"level":"info","msg":"listening port :8100","time":"2020-04-17T07:41:57+07:00"}
{"level":"info","msg":"Starting GRPC server","time":"2020-04-17T07:41:57+07:00"}
{"level":"info","msg":"Validating Hash","time":"2020-04-17T07:42:02+07:00"}
{"level":"info","msg":"Hash is validated","time":"2020-04-17T07:42:02+07:00"}
{"level":"info","msg":"Loading env","time":"2020-04-17T07:42:02+07:00"}
{"level":"info","msg":"Validating Hash","time":"2020-04-17T07:42:12+07:00"}
{"level":"info","msg":"Hash is validated","time":"2020-04-17T07:42:12+07:00"}
{"level":"info","msg":"Loading env","time":"2020-04-17T07:42:12+07:00"}
{"level":"info","msg":"Validating Hash","time":"2020-04-17T07:42:14+07:00"}
{"level":"info","msg":"Hash is validated","time":"2020-04-17T07:42:14+07:00"}
{"level":"info","msg":"Loading env","time":"2020-04-17T07:42:14+07:00"}
{"level":"info","msg":"Connecting to database","time":"2020-04-17T07:45:51+07:00"}
{"level":"info","msg":"Database connected","time":"2020-04-17T07:45:51+07:00"}
{"level":"info","msg":"Loading env","time":"2020-04-17T07:45:51+07:00"}
{"level":"info","msg":"listening port :8100","time":"2020-04-17T07:45:51+07:00"}
{"level":"info","msg":"Starting GRPC server","time":"2020-04-17T07:45:51+07:00"}
{"level":"info","msg":"Validating Hash","time":"2020-04-17T07:46:27+07:00"}
{"level":"info","msg":"Hash is validated","time":"2020-04-17T07:46:27+07:00"}
{"level":"info","msg":"Loading env","time":"2020-04-17T07:46:27+07:00"}
{"level":"info","msg":"Connecting to database","time":"2020-04-17T07:46:41+07:00"}
{"level":"info","msg":"Database connected","time":"2020-04-17T07:46:41+07:00"}
{"level":"info","msg":"Loading env","time":"2020-04-17T07:46:41+07:00"}
{"level":"info","msg":"listening port :8100","time":"2020-04-17T07:46:41+07:00"}
{"level":"info","msg":"Starting GRPC server","time":"2020-04-17T07:46:41+07:00"}
{"level":"info","msg":"Validating Hash","time":"2020-04-17T07:46:46+07:00"}
{"level":"info","msg":"Hash is validated","time":"2020-04-17T07:46:46+07:00"}
{"level":"info","msg":"Loading env","time":"2020-04-17T07:46:46+07:00"}
{"level":"info","msg":"Connecting to database","time":"2020-04-17T08:07:03+07:00"}
{"level":"info","msg":"Database connected","time":"2020-04-17T08:07:03+07:00"}
{"level":"info","msg":"Loading env","time":"2020-04-17T08:07:03+07:00"}
{"level":"info","msg":"listening port :8100","time":"2020-04-17T08:07:03+07:00"}
{"level":"info","msg":"Starting GRPC server","time":"2020-04-17T08:07:03+07:00"}
{"level":"info","msg":"Connecting to database","time":"2020-04-17T08:07:47+07:00"}
{"level":"info","msg":"Database connected","time":"2020-04-17T08:07:47+07:00"}
{"level":"info","msg":"Loading env","time":"2020-04-17T08:07:47+07:00"}
{"level":"info","msg":"listening port :8100","time":"2020-04-17T08:07:47+07:00"}
{"level":"info","msg":"Starting GRPC server","time":"2020-04-17T08:07:47+07:00"}
{"level":"info","msg":"Connecting to database","time":"2020-04-17T08:08:11+07:00"}
{"level":"info","msg":"Database connected","time":"2020-04-17T08:08:11+07:00"}
{"level":"info","msg":"Loading env","time":"2020-04-17T08:08:11+07:00"}
{"level":"info","msg":"listening port :8100","time":"2020-04-17T08:08:11+07:00"}
{"level":"info","msg":"Starting GRPC server","time":"2020-04-17T08:08:11+07:00"}
{"level":"info","msg":"Validating Hash","time":"2020-04-17T08:08:17+07:00"}
{"level":"info","msg":"Hash is validated","time":"2020-04-17T08:08:17+07:00"}
{"level":"info","msg":"Loading env","time":"2020-04-17T08:08:17+07:00"}
{"level":"info","msg":"Validating Hash","time":"2020-04-17T08:08:18+07:00"}
{"level":"info","msg":"Hash is validated","time":"2020-04-17T08:08:18+07:00"}
{"level":"info","msg":"Loading env","time":"2020-04-17T08:08:18+07:00"}
{"level":"info","msg":"Connecting to database","time":"2020-04-17T08:08:47+07:00"}
{"level":"info","msg":"Database connected","time":"2020-04-17T08:08:47+07:00"}
{"level":"info","msg":"Loading env","time":"2020-04-17T08:08:47+07:00"}
{"level":"info","msg":"listening port :8100","time":"2020-04-17T08:08:47+07:00"}
{"level":"info","msg":"Starting GRPC server","time":"2020-04-17T08:08:47+07:00"}
{"level":"info","msg":"Validating Hash","time":"2020-04-17T08:08:50+07:00"}
{"level":"info","msg":"Hash is validated","time":"2020-04-17T08:08:50+07:00"}
{"level":"info","msg":"Loading env","time":"2020-04-17T08:08:50+07:00"}
{"level":"info","msg":"Connecting to database","time":"2020-04-17T08:09:36+07:00"}
{"level":"info","msg":"Database connected","time":"2020-04-17T08:09:36+07:00"}
{"level":"info","msg":"Loading env","time":"2020-04-17T08:09:36+07:00"}
{"level":"info","msg":"listening port :8100","time":"2020-04-17T08:09:36+07:00"}
{"level":"info","msg":"Starting GRPC server","time":"2020-04-17T08:09:36+07:00"}
{"level":"info","msg":"Validating Hash","time":"2020-04-17T08:09:40+07:00"}
{"level":"info","msg":"Hash is validated","time":"2020-04-17T08:09:40+07:00"}
{"level":"info","msg":"Loading env","time":"2020-04-17T08:09:40+07:00"}
{"level":"info","msg":"Connecting to database","time":"2020-04-17T08:10:38+07:00"}
{"level":"info","msg":"Database connected","time":"2020-04-17T08:10:38+07:00"}
{"level":"info","msg":"Loading env","time":"2020-04-17T08:10:38+07:00"}
{"level":"info","msg":"listening port :8100","time":"2020-04-17T08:10:38+07:00"}
{"level":"info","msg":"Starting GRPC server","time":"2020-04-17T08:10:38+07:00"}
{"level":"info","msg":"Validating Hash","time":"2020-04-17T08:10:40+07:00"}
{"level":"info","msg":"Hash is validated","time":"2020-04-17T08:10:40+07:00"}
{"level":"info","msg":"Loading env","time":"2020-04-17T08:10:40+07:00"}
{"level":"info","msg":"Connecting to database","time":"2020-04-17T08:12:49+07:00"}
{"level":"info","msg":"Database connected","time":"2020-04-17T08:12:49+07:00"}
{"level":"info","msg":"Loading env","time":"2020-04-17T08:12:49+07:00"}
{"level":"info","msg":"listening port :8100","time":"2020-04-17T08:12:49+07:00"}
{"level":"info","msg":"Starting GRPC server","time":"2020-04-17T08:12:49+07:00"}
{"level":"info","msg":"Validating Hash","time":"2020-04-17T08:12:51+07:00"}
{"level":"info","msg":"Hash is validated","time":"2020-04-17T08:12:51+07:00"}
{"level":"info","msg":"Loading env","time":"2020-04-17T08:12:51+07:00"}
{"level":"info","msg":"Connecting to database","time":"2020-04-17T08:13:35+07:00"}
{"level":"info","msg":"Database connected","time":"2020-04-17T08:13:35+07:00"}
{"level":"info","msg":"Loading env","time":"2020-04-17T08:13:35+07:00"}
{"level":"info","msg":"listening port :8100","time":"2020-04-17T08:13:35+07:00"}
{"level":"info","msg":"Starting GRPC server","time":"2020-04-17T08:13:35+07:00"}
{"level":"info","msg":"Validating Hash","time":"2020-04-17T08:13:39+07:00"}
{"level":"info","msg":"Hash is validated","time":"2020-04-17T08:13:39+07:00"}
{"level":"info","msg":"Loading env","time":"2020-04-17T08:13:39+07:00"}
{"level":"info","msg":"Connecting to database","time":"2020-04-17T08:13:55+07:00"}
{"level":"info","msg":"Database connected","time":"2020-04-17T08:13:55+07:00"}
{"level":"info","msg":"Loading env","time":"2020-04-17T08:13:55+07:00"}
{"level":"info","msg":"listening port :8100","time":"2020-04-17T08:13:55+07:00"}
{"level":"info","msg":"Starting GRPC server","time":"2020-04-17T08:13:55+07:00"}
{"level":"info","msg":"Validating Hash","time":"2020-04-17T08:13:59+07:00"}
{"level":"info","msg":"Hash is validated","time":"2020-04-17T08:13:59+07:00"}
{"level":"info","msg":"Loading env","time":"2020-04-17T08:13:59+07:00"}
{"level":"info","msg":"Connecting to database","time":"2020-04-17T08:14:43+07:00"}
{"level":"info","msg":"Database connected","time":"2020-04-17T08:14:43+07:00"}
{"level":"info","msg":"Loading env","time":"2020-04-17T08:14:43+07:00"}
{"level":"info","msg":"listening port :8100","time":"2020-04-17T08:14:43+07:00"}
{"level":"info","msg":"Starting GRPC server","time":"2020-04-17T08:14:43+07:00"}
{"level":"info","msg":"Validating Hash","time":"2020-04-17T08:14:44+07:00"}
{"level":"info","msg":"Hash is validated","time":"2020-04-17T08:14:44+07:00"}
{"level":"info","msg":"Loading env","time":"2020-04-17T08:14:44+07:00"}
{"level":"info","msg":"Connecting to database","time":"2020-04-17T08:15:36+07:00"}
{"level":"info","msg":"Database connected","time":"2020-04-17T08:15:36+07:00"}
{"level":"info","msg":"Loading env","time":"2020-04-17T08:15:36+07:00"}
{"level":"info","msg":"listening port :8100","time":"2020-04-17T08:15:36+07:00"}
{"level":"info","msg":"Starting GRPC server","time":"2020-04-17T08:15:36+07:00"}
{"level":"info","msg":"Validating Hash","time":"2020-04-17T08:15:40+07:00"}
{"level":"info","msg":"Hash is validated","time":"2020-04-17T08:15:40+07:00"}
{"level":"info","msg":"Loading env","time":"2020-04-17T08:15:40+07:00"}
{"level":"info","msg":"Connecting to database","time":"2020-04-17T08:17:18+07:00"}
{"level":"info","msg":"Database connected","time":"2020-04-17T08:17:18+07:00"}
{"level":"info","msg":"Loading env","time":"2020-04-17T08:17:18+07:00"}
{"level":"info","msg":"listening port :8100","time":"2020-04-17T08:17:18+07:00"}
{"level":"info","msg":"Starting GRPC server","time":"2020-04-17T08:17:18+07:00"}
{"level":"info","msg":"Validating Hash","time":"2020-04-17T08:17:20+07:00"}
{"level":"info","msg":"Hash is validated","time":"2020-04-17T08:17:20+07:00"}
{"level":"info","msg":"Loading env","time":"2020-04-17T08:17:20+07:00"}
{"level":"info","msg":"Connecting to database","time":"2020-04-17T08:17:42+07:00"}
{"level":"info","msg":"Database connected","time":"2020-04-17T08:17:42+07:00"}
{"level":"info","msg":"Loading env","time":"2020-04-17T08:17:42+07:00"}
{"level":"info","msg":"listening port :8100","time":"2020-04-17T08:17:42+07:00"}
{"level":"info","msg":"Starting GRPC server","time":"2020-04-17T08:17:42+07:00"}
{"level":"info","msg":"Validating Hash","time":"2020-04-17T08:17:43+07:00"}
{"level":"info","msg":"Hash is validated","time":"2020-04-17T08:17:43+07:00"}
{"level":"info","msg":"Loading env","time":"2020-04-17T08:17:43+07:00"}
{"level":"info","msg":"Connecting to database","time":"2020-04-17T08:20:14+07:00"}
{"level":"info","msg":"Database connected","time":"2020-04-17T08:20:14+07:00"}
{"level":"info","msg":"Loading env","time":"2020-04-17T08:20:14+07:00"}
{"level":"info","msg":"listening port :8100","time":"2020-04-17T08:20:14+07:00"}
{"level":"info","msg":"Starting GRPC server","time":"2020-04-17T08:20:14+07:00"}
{"level":"info","msg":"Connecting to database","time":"2020-04-17T08:20:36+07:00"}
{"level":"info","msg":"Database connected","time":"2020-04-17T08:20:36+07:00"}
{"level":"info","msg":"Loading env","time":"2020-04-17T08:20:36+07:00"}
{"level":"info","msg":"listening port :8100","time":"2020-04-17T08:20:36+07:00"}
{"level":"info","msg":"Starting GRPC server","time":"2020-04-17T08:20:36+07:00"}
{"level":"info","msg":"Connecting to database","time":"2020-04-17T08:21:59+07:00"}
{"level":"info","msg":"Database connected","time":"2020-04-17T08:21:59+07:00"}
{"level":"info","msg":"Loading env","time":"2020-04-17T08:21:59+07:00"}
{"level":"info","msg":"listening port :8100","time":"2020-04-17T08:21:59+07:00"}
{"level":"info","msg":"Starting GRPC server","time":"2020-04-17T08:21:59+07:00"}
{"level":"info","msg":"Validating Hash","time":"2020-04-17T08:22:03+07:00"}
{"level":"info","msg":"Hash is validated","time":"2020-04-17T08:22:03+07:00"}
{"level":"info","msg":"Loading env","time":"2020-04-17T08:22:03+07:00"}
{"level":"info","msg":"Connecting to database","time":"2020-04-17T08:30:02+07:00"}
{"level":"info","msg":"Database connected","time":"2020-04-17T08:30:02+07:00"}
{"level":"info","msg":"Loading env","time":"2020-04-17T08:30:02+07:00"}
{"level":"info","msg":"listening port :8100","time":"2020-04-17T08:30:02+07:00"}
{"level":"info","msg":"Starting GRPC server","time":"2020-04-17T08:30:02+07:00"}
{"level":"info","msg":"Connecting to database","time":"2020-04-17T08:30:26+07:00"}
{"level":"info","msg":"Database connected","time":"2020-04-17T08:30:26+07:00"}
{"level":"info","msg":"Loading env","time":"2020-04-17T08:30:26+07:00"}
{"level":"info","msg":"listening port :8100","time":"2020-04-17T08:30:26+07:00"}
{"level":"info","msg":"Starting GRPC server","time":"2020-04-17T08:30:26+07:00"}
{"level":"info","msg":"Connecting to database","time":"2020-04-17T08:30:35+07:00"}
{"level":"info","msg":"Database connected","time":"2020-04-17T08:30:35+07:00"}
{"level":"info","msg":"Loading env","time":"2020-04-17T08:30:35+07:00"}
{"level":"info","msg":"listening port :8100","time":"2020-04-17T08:30:35+07:00"}
{"level":"info","msg":"Starting GRPC server","time":"2020-04-17T08:30:35+07:00"}
{"level":"info","msg":"Connecting to database","time":"2020-04-17T08:31:20+07:00"}
{"level":"info","msg":"Database connected","time":"2020-04-17T08:31:20+07:00"}
{"level":"info","msg":"Loading env","time":"2020-04-17T08:31:20+07:00"}
{"level":"info","msg":"listening port :8100","time":"2020-04-17T08:31:20+07:00"}
{"level":"info","msg":"Starting GRPC server","time":"2020-04-17T08:31:20+07:00"}
{"level":"info","msg":"Connecting to database","time":"2020-04-17T08:31:34+07:00"}
{"level":"info","msg":"Database connected","time":"2020-04-17T08:31:34+07:00"}
{"level":"info","msg":"Loading env","time":"2020-04-17T08:31:34+07:00"}
{"level":"info","msg":"listening port :8100","time":"2020-04-17T08:31:34+07:00"}
{"level":"info","msg":"Starting GRPC server","time":"2020-04-17T08:31:34+07:00"}
{"level":"info","msg":"Connecting to database","time":"2020-04-17T08:32:15+07:00"}
{"level":"info","msg":"Database connected","time":"2020-04-17T08:32:15+07:00"}
{"level":"info","msg":"Loading env","time":"2020-04-17T08:32:15+07:00"}
{"level":"info","msg":"listening port :8100","time":"2020-04-17T08:32:15+07:00"}
{"level":"info","msg":"Starting GRPC server","time":"2020-04-17T08:32:15+07:00"}
{"level":"info","msg":"Connecting to database","time":"2020-04-17T08:32:38+07:00"}
{"level":"info","msg":"Database connected","time":"2020-04-17T08:32:38+07:00"}
{"level":"info","msg":"Loading env","time":"2020-04-17T08:32:38+07:00"}
{"level":"info","msg":"listening port :8100","time":"2020-04-17T08:32:38+07:00"}
{"level":"info","msg":"Starting GRPC server","time":"2020-04-17T08:32:38+07:00"}
{"level":"info","msg":"Validating Hash","time":"2020-04-17T08:32:40+07:00"}
{"level":"info","msg":"Hash is validated","time":"2020-04-17T08:32:40+07:00"}
{"level":"info","msg":"Loading env","time":"2020-04-17T08:32:40+07:00"}
{"level":"info","msg":"Connecting to database","time":"2020-04-17T08:33:34+07:00"}
{"level":"info","msg":"Database connected","time":"2020-04-17T08:33:34+07:00"}
{"level":"info","msg":"Loading env","time":"2020-04-17T08:33:34+07:00"}
{"level":"info","msg":"listening port :8100","time":"2020-04-17T08:33:34+07:00"}
{"level":"info","msg":"Starting GRPC server","time":"2020-04-17T08:33:34+07:00"}
{"level":"info","msg":"Validating Hash","time":"2020-04-17T08:33:35+07:00"}
{"level":"info","msg":"Hash is validated","time":"2020-04-17T08:33:35+07:00"}
{"level":"info","msg":"Loading env","time":"2020-04-17T08:33:35+07:00"}
{"level":"info","msg":"Connecting to database","time":"2020-04-17T08:34:10+07:00"}
{"level":"info","msg":"Database connected","time":"2020-04-17T08:34:10+07:00"}
{"level":"info","msg":"Loading env","time":"2020-04-17T08:34:10+07:00"}
{"level":"info","msg":"listening port :8100","time":"2020-04-17T08:34:10+07:00"}
{"level":"info","msg":"Starting GRPC server","time":"2020-04-17T08:34:10+07:00"}
{"level":"info","msg":"Validating Hash","time":"2020-04-17T08:34:14+07:00"}
{"level":"info","msg":"Hash is validated","time":"2020-04-17T08:34:14+07:00"}
{"level":"info","msg":"Loading env","time":"2020-04-17T08:34:14+07:00"}
{"level":"info","msg":"Validating Hash","time":"2020-04-17T08:38:05+07:00"}
{"level":"info","msg":"Hash is validated","time":"2020-04-17T08:38:05+07:00"}
{"level":"info","msg":"Loading env","time":"2020-04-17T08:38:05+07:00"}
{"level":"info","msg":"Validating Hash","time":"2020-04-17T08:38:50+07:00"}
{"level":"info","msg":"Hash is validated","time":"2020-04-17T08:38:50+07:00"}
{"level":"info","msg":"Loading env","time":"2020-04-17T08:38:50+07:00"}
{"level":"info","msg":"Connecting to database","time":"2020-04-17T08:39:51+07:00"}
{"level":"info","msg":"Database connected","time":"2020-04-17T08:39:51+07:00"}
{"level":"info","msg":"Loading env","time":"2020-04-17T08:39:51+07:00"}
{"level":"info","msg":"listening port :8100","time":"2020-04-17T08:39:51+07:00"}
{"level":"info","msg":"Starting GRPC server","time":"2020-04-17T08:39:51+07:00"}
{"level":"info","msg":"Validating Hash","time":"2020-04-17T08:39:52+07:00"}
{"level":"info","msg":"Hash is validated","time":"2020-04-17T08:39:52+07:00"}
{"level":"info","msg":"Loading env","time":"2020-04-17T08:39:52+07:00"}
{"level":"info","msg":"Connecting to database","time":"2020-04-17T08:50:28+07:00"}
{"level":"info","msg":"Database connected","time":"2020-04-17T08:50:28+07:00"}
{"level":"info","msg":"Loading env","time":"2020-04-17T08:50:28+07:00"}
{"level":"info","msg":"listening port :8100","time":"2020-04-17T08:50:28+07:00"}
{"level":"info","msg":"Starting GRPC server","time":"2020-04-17T08:50:28+07:00"}
{"level":"info","msg":"Connecting to database","time":"2020-04-17T08:52:26+07:00"}
{"level":"info","msg":"Database connected","time":"2020-04-17T08:52:26+07:00"}
{"level":"info","msg":"Loading env","time":"2020-04-17T08:52:26+07:00"}
{"level":"info","msg":"listening port :8100","time":"2020-04-17T08:52:26+07:00"}
{"level":"info","msg":"Starting GRPC server","time":"2020-04-17T08:52:26+07:00"}
{"level":"info","msg":"Connecting to database","time":"2020-04-17T08:53:14+07:00"}
{"level":"info","msg":"Database connected","time":"2020-04-17T08:53:14+07:00"}
{"level":"info","msg":"Loading env","time":"2020-04-17T08:53:14+07:00"}
{"level":"info","msg":"listening port :8100","time":"2020-04-17T08:53:14+07:00"}
{"level":"info","msg":"Starting GRPC server","time":"2020-04-17T08:53:14+07:00"}
{"level":"info","msg":"Connecting to database","time":"2020-04-17T08:54:38+07:00"}
{"level":"info","msg":"Database connected","time":"2020-04-17T08:54:38+07:00"}
{"level":"info","msg":"Loading env","time":"2020-04-17T08:54:38+07:00"}
{"level":"info","msg":"listening port :8100","time":"2020-04-17T08:54:38+07:00"}
{"level":"info","msg":"Starting GRPC server","time":"2020-04-17T08:54:38+07:00"}
{"level":"info","msg":"Connecting to database","time":"2020-04-17T08:55:02+07:00"}
{"level":"info","msg":"Database connected","time":"2020-04-17T08:55:02+07:00"}
{"level":"info","msg":"Loading env","time":"2020-04-17T08:55:02+07:00"}
{"level":"info","msg":"listening port :8100","time":"2020-04-17T08:55:02+07:00"}
{"level":"info","msg":"Starting GRPC server","time":"2020-04-17T08:55:02+07:00"}
{"level":"info","msg":"Connecting to database","time":"2020-04-17T08:56:07+07:00"}
{"level":"info","msg":"Database connected","time":"2020-04-17T08:56:07+07:00"}
{"level":"info","msg":"Loading env","time":"2020-04-17T08:56:07+07:00"}
{"level":"info","msg":"listening port :8100","time":"2020-04-17T08:56:07+07:00"}
{"level":"info","msg":"Starting GRPC server","time":"2020-04-17T08:56:07+07:00"}
{"level":"info","msg":"Connecting to database","time":"2020-04-17T08:57:02+07:00"}
{"level":"info","msg":"Database connected","time":"2020-04-17T08:57:02+07:00"}
{"level":"info","msg":"Loading env","time":"2020-04-17T08:57:02+07:00"}
{"level":"info","msg":"listening port :8100","time":"2020-04-17T08:57:02+07:00"}
{"level":"info","msg":"Starting GRPC server","time":"2020-04-17T08:57:02+07:00"}
{"level":"info","msg":"Connecting to database","time":"2020-04-17T08:57:19+07:00"}
{"level":"info","msg":"Database connected","time":"2020-04-17T08:57:19+07:00"}
{"level":"info","msg":"Loading env","time":"2020-04-17T08:57:19+07:00"}
{"level":"info","msg":"listening port :8100","time":"2020-04-17T08:57:19+07:00"}
{"level":"info","msg":"Starting GRPC server","time":"2020-04-17T08:57:19+07:00"}
{"level":"info","msg":"Connecting to database","time":"2020-04-17T08:59:56+07:00"}
{"level":"info","msg":"Database connected","time":"2020-04-17T08:59:56+07:00"}
{"level":"info","msg":"Loading env","time":"2020-04-17T08:59:56+07:00"}
{"level":"info","msg":"listening port :8100","time":"2020-04-17T08:59:56+07:00"}
{"level":"info","msg":"Starting GRPC server","time":"2020-04-17T08:59:56+07:00"}
{"level":"info","msg":"Connecting to database","time":"2020-04-17T09:32:34+07:00"}
{"level":"info","msg":"Database connected","time":"2020-04-17T09:32:34+07:00"}
{"level":"info","msg":"Loading env","time":"2020-04-17T09:32:34+07:00"}
{"level":"info","msg":"listening port :8100","time":"2020-04-17T09:32:34+07:00"}
{"level":"info","msg":"Starting GRPC server","time":"2020-04-17T09:32:34+07:00"}
{"level":"info","msg":"Connecting to database","time":"2020-04-17T09:33:44+07:00"}
{"level":"info","msg":"Database connected","time":"2020-04-17T09:33:44+07:00"}
{"level":"info","msg":"Loading env","time":"2020-04-17T09:33:44+07:00"}
{"level":"info","msg":"listening port :8100","time":"2020-04-17T09:33:44+07:00"}
{"level":"info","msg":"Starting GRPC server","time":"2020-04-17T09:33:44+07:00"}
{"level":"info","msg":"Generating Hash","time":"2020-04-17T09:33:48+07:00"}
{"level":"info","msg":"Hash is generated","time":"2020-04-17T09:33:48+07:00"}
{"level":"info","msg":"Connecting to database","time":"2020-04-17T09:42:50+07:00"}
{"level":"info","msg":"Database connected","time":"2020-04-17T09:42:50+07:00"}
{"level":"info","msg":"Loading env","time":"2020-04-17T09:42:50+07:00"}
{"level":"info","msg":"listening port :8100","time":"2020-04-17T09:42:50+07:00"}
{"level":"info","msg":"Starting GRPC server","time":"2020-04-17T09:42:50+07:00"}
{"level":"info","msg":"Connecting to database","time":"2020-04-17T09:44:14+07:00"}
{"level":"info","msg":"Database connected","time":"2020-04-17T09:44:14+07:00"}
{"level":"info","msg":"Loading env","time":"2020-04-17T09:44:14+07:00"}
{"level":"info","msg":"listening port :8100","time":"2020-04-17T09:44:14+07:00"}
{"level":"info","msg":"Starting GRPC server","time":"2020-04-17T09:44:14+07:00"}
{"level":"info","msg":"Generating Hash","time":"2020-04-17T09:44:15+07:00"}
{"level":"info","msg":"Hash is generated","time":"2020-04-17T09:44:15+07:00"}
{"level":"info","msg":"Connecting to database","time":"2020-04-17T09:44:49+07:00"}
{"level":"info","msg":"Database connected","time":"2020-04-17T09:44:49+07:00"}
{"level":"info","msg":"Loading env","time":"2020-04-17T09:44:49+07:00"}
{"level":"info","msg":"listening port :8100","time":"2020-04-17T09:44:49+07:00"}
{"level":"info","msg":"Starting GRPC server","time":"2020-04-17T09:44:49+07:00"}
{"level":"info","msg":"Generating Hash","time":"2020-04-17T09:44:51+07:00"}
{"level":"info","msg":"Hash is generated","time":"2020-04-17T09:44:51+07:00"}
{"level":"info","msg":"Generating Hash","time":"2020-04-17T09:44:52+07:00"}
{"level":"info","msg":"Hash is generated","time":"2020-04-17T09:44:52+07:00"}
{"level":"info","msg":"Connecting to database","time":"2020-04-17T09:46:31+07:00"}
{"level":"info","msg":"Database connected","time":"2020-04-17T09:46:31+07:00"}
{"level":"info","msg":"Loading env","time":"2020-04-17T09:46:31+07:00"}
{"level":"info","msg":"listening port :8100","time":"2020-04-17T09:46:31+07:00"}
{"level":"info","msg":"Starting GRPC server","time":"2020-04-17T09:46:31+07:00"}
{"level":"info","msg":"Generating Hash","time":"2020-04-17T09:46:34+07:00"}
{"level":"info","msg":"Hash is generated","time":"2020-04-17T09:46:34+07:00"}
{"level":"info","msg":"Generating Hash","time":"2020-04-17T09:46:39+07:00"}
{"level":"info","msg":"Hash is generated","time":"2020-04-17T09:46:39+07:00"}
{"level":"info","msg":"Generating Hash","time":"2020-04-17T09:46:42+07:00"}
{"level":"info","msg":"Hash is generated","time":"2020-04-17T09:46:42+07:00"}
{"level":"info","msg":"Connecting to database","time":"2020-04-17T09:54:15+07:00"}
{"level":"info","msg":"Database connected","time":"2020-04-17T09:54:15+07:00"}
{"level":"info","msg":"Loading env","time":"2020-04-17T09:54:15+07:00"}
{"level":"info","msg":"listening port :8100","time":"2020-04-17T09:54:15+07:00"}
{"level":"info","msg":"Starting GRPC server","time":"2020-04-17T09:54:15+07:00"}
{"level":"info","msg":"Connecting to database","time":"2020-04-17T09:55:20+07:00"}
{"level":"info","msg":"Database connected","time":"2020-04-17T09:55:20+07:00"}
{"level":"info","msg":"Loading env","time":"2020-04-17T09:55:20+07:00"}
{"level":"info","msg":"listening port :8100","time":"2020-04-17T09:55:20+07:00"}
{"level":"info","msg":"Starting GRPC server","time":"2020-04-17T09:55:20+07:00"}
{"level":"info","msg":"Connecting to database","time":"2020-04-17T09:57:17+07:00"}
{"level":"info","msg":"Database connected","time":"2020-04-17T09:57:17+07:00"}
{"level":"info","msg":"Loading env","time":"2020-04-17T09:57:17+07:00"}
{"level":"info","msg":"listening port :8100","time":"2020-04-17T09:57:17+07:00"}
{"level":"info","msg":"Starting GRPC server","time":"2020-04-17T09:57:17+07:00"}
{"level":"info","msg":"Connecting to database","time":"2020-04-17T09:57:29+07:00"}
{"level":"info","msg":"Database connected","time":"2020-04-17T09:57:29+07:00"}
{"level":"info","msg":"Loading env","time":"2020-04-17T09:57:29+07:00"}
{"level":"info","msg":"listening port :8100","time":"2020-04-17T09:57:29+07:00"}
{"level":"info","msg":"Starting GRPC server","time":"2020-04-17T09:57:29+07:00"}
{"level":"info","msg":"Connecting to database","time":"2020-04-17T10:05:47+07:00"}
{"level":"info","msg":"Database connected","time":"2020-04-17T10:05:47+07:00"}
{"level":"info","msg":"Loading env","time":"2020-04-17T10:05:47+07:00"}
{"level":"info","msg":"listening port :8100","time":"2020-04-17T10:05:47+07:00"}
{"level":"info","msg":"Starting GRPC server","time":"2020-04-17T10:05:47+07:00"}
{"level":"info","msg":"Connecting to database","time":"2020-04-17T10:06:09+07:00"}
{"level":"info","msg":"Database connected","time":"2020-04-17T10:06:09+07:00"}
{"level":"info","msg":"Loading env","time":"2020-04-17T10:06:09+07:00"}
{"level":"info","msg":"listening port :8100","time":"2020-04-17T10:06:09+07:00"}
{"level":"info","msg":"Starting GRPC server","time":"2020-04-17T10:06:09+07:00"}
{"level":"info","msg":"Connecting to database","time":"2020-04-17T10:07:52+07:00"}
{"level":"info","msg":"Database connected","time":"2020-04-17T10:07:52+07:00"}
{"level":"info","msg":"Loading env","time":"2020-04-17T10:07:52+07:00"}
{"level":"info","msg":"listening port :8100","time":"2020-04-17T10:07:52+07:00"}
{"level":"info","msg":"Starting GRPC server","time":"2020-04-17T10:07:52+07:00"}
{"level":"info","msg":"Connecting to database","time":"2020-04-17T10:09:23+07:00"}
{"level":"info","msg":"Database connected","time":"2020-04-17T10:09:23+07:00"}
{"level":"info","msg":"Loading env","time":"2020-04-17T10:09:23+07:00"}
{"level":"info","msg":"listening port :8100","time":"2020-04-17T10:09:23+07:00"}
{"level":"info","msg":"Starting GRPC server","time":"2020-04-17T10:09:23+07:00"}
{"level":"info","msg":"Connecting to database","time":"2020-04-17T10:11:09+07:00"}
{"level":"info","msg":"Database connected","time":"2020-04-17T10:11:09+07:00"}
{"level":"info","msg":"Loading env","time":"2020-04-17T10:11:09+07:00"}
{"level":"info","msg":"listening port :8100","time":"2020-04-17T10:11:09+07:00"}
{"level":"info","msg":"Starting GRPC server","time":"2020-04-17T10:11:09+07:00"}
{"level":"info","msg":"Connecting to database","time":"2020-04-17T10:12:56+07:00"}
{"level":"info","msg":"Database connected","time":"2020-04-17T10:12:56+07:00"}
{"level":"info","msg":"Loading env","time":"2020-04-17T10:12:56+07:00"}
{"level":"info","msg":"listening port :8100","time":"2020-04-17T10:12:56+07:00"}
{"level":"info","msg":"Starting GRPC server","time":"2020-04-17T10:12:56+07:00"}
{"level":"info","msg":"Connecting to database","time":"2020-04-17T10:16:01+07:00"}
{"level":"info","msg":"Database connected","time":"2020-04-17T10:16:01+07:00"}
{"level":"info","msg":"Loading env","time":"2020-04-17T10:16:01+07:00"}
{"level":"info","msg":"listening port :8100","time":"2020-04-17T10:16:01+07:00"}
{"level":"info","msg":"Starting GRPC server","time":"2020-04-17T10:16:01+07:00"}
{"level":"info","msg":"Connecting to database","time":"2020-04-17T10:16:27+07:00"}
{"level":"info","msg":"Database connected","time":"2020-04-17T10:16:27+07:00"}
{"level":"info","msg":"Loading env","time":"2020-04-17T10:16:27+07:00"}
{"level":"info","msg":"listening port :8100","time":"2020-04-17T10:16:27+07:00"}
{"level":"info","msg":"Starting GRPC server","time":"2020-04-17T10:16:27+07:00"}
{"level":"info","msg":"Connecting to database","time":"2020-04-17T10:17:06+07:00"}
{"level":"info","msg":"Database connected","time":"2020-04-17T10:17:06+07:00"}
{"level":"info","msg":"Loading env","time":"2020-04-17T10:17:06+07:00"}
{"level":"info","msg":"listening port :8100","time":"2020-04-17T10:17:06+07:00"}
{"level":"info","msg":"Starting GRPC server","time":"2020-04-17T10:17:06+07:00"}
{"level":"info","msg":"Connecting to database","time":"2020-04-17T10:19:16+07:00"}
{"level":"info","msg":"Database connected","time":"2020-04-17T10:19:16+07:00"}
{"level":"info","msg":"Loading env","time":"2020-04-17T10:19:16+07:00"}
{"level":"info","msg":"listening port :8100","time":"2020-04-17T10:19:16+07:00"}
{"level":"info","msg":"Starting GRPC server","time":"2020-04-17T10:19:16+07:00"}
{"level":"info","msg":"Connecting to database","time":"2020-04-17T10:19:37+07:00"}
{"level":"info","msg":"Database connected","time":"2020-04-17T10:19:37+07:00"}
{"level":"info","msg":"Loading env","time":"2020-04-17T10:19:37+07:00"}
{"level":"info","msg":"listening port :8100","time":"2020-04-17T10:19:37+07:00"}
{"level":"info","msg":"Starting GRPC server","time":"2020-04-17T10:19:37+07:00"}
{"level":"info","msg":"Connecting to database","time":"2020-04-17T10:20:03+07:00"}
{"level":"info","msg":"Database connected","time":"2020-04-17T10:20:03+07:00"}
{"level":"info","msg":"Loading env","time":"2020-04-17T10:20:03+07:00"}
{"level":"info","msg":"listening port :8100","time":"2020-04-17T10:20:03+07:00"}
{"level":"info","msg":"Starting GRPC server","time":"2020-04-17T10:20:03+07:00"}
{"level":"info","msg":"Connecting to database","time":"2020-04-17T10:24:56+07:00"}
{"level":"info","msg":"Database connected","time":"2020-04-17T10:24:56+07:00"}
{"level":"info","msg":"Loading env","time":"2020-04-17T10:24:56+07:00"}
{"level":"info","msg":"listening port :8100","time":"2020-04-17T10:24:56+07:00"}
{"level":"info","msg":"Starting GRPC server","time":"2020-04-17T10:24:56+07:00"}
{"level":"info","msg":"Connecting to database","time":"2020-04-17T10:25:41+07:00"}
{"level":"info","msg":"Database connected","time":"2020-04-17T10:25:41+07:00"}
{"level":"info","msg":"Loading env","time":"2020-04-17T10:25:41+07:00"}
{"level":"info","msg":"listening port :8100","time":"2020-04-17T10:25:41+07:00"}
{"level":"info","msg":"Starting GRPC server","time":"2020-04-17T10:25:41+07:00"}
{"level":"info","msg":"Connecting to database","time":"2020-04-17T10:26:07+07:00"}
{"level":"info","msg":"Database connected","time":"2020-04-17T10:26:07+07:00"}
{"level":"info","msg":"Loading env","time":"2020-04-17T10:26:07+07:00"}
{"level":"info","msg":"listening port :8100","time":"2020-04-17T10:26:07+07:00"}
{"level":"info","msg":"Starting GRPC server","time":"2020-04-17T10:26:07+07:00"}
{"level":"info","msg":"Connecting to database","time":"2020-04-17T10:32:37+07:00"}
{"level":"info","msg":"Database connected","time":"2020-04-17T10:32:37+07:00"}
{"level":"info","msg":"Loading env","time":"2020-04-17T10:32:37+07:00"}
{"level":"info","msg":"listening port :8100","time":"2020-04-17T10:32:37+07:00"}
{"level":"info","msg":"Starting GRPC server","time":"2020-04-17T10:32:37+07:00"}
{"level":"info","msg":"Connecting to database","time":"2020-04-17T10:33:01+07:00"}
{"level":"info","msg":"Database connected","time":"2020-04-17T10:33:01+07:00"}
{"level":"info","msg":"Loading env","time":"2020-04-17T10:33:01+07:00"}
{"level":"info","msg":"listening port :8100","time":"2020-04-17T10:33:01+07:00"}
{"level":"info","msg":"Starting GRPC server","time":"2020-04-17T10:33:01+07:00"}
{"level":"info","msg":"Connecting to database","time":"2020-04-17T10:34:16+07:00"}
{"level":"info","msg":"Database connected","time":"2020-04-17T10:34:16+07:00"}
{"level":"info","msg":"Loading env","time":"2020-04-17T10:34:16+07:00"}
{"level":"info","msg":"listening port :8100","time":"2020-04-17T10:34:16+07:00"}
{"level":"info","msg":"Starting GRPC server","time":"2020-04-17T10:34:16+07:00"}
{"level":"info","msg":"Connecting to database","time":"2020-04-17T10:34:39+07:00"}
{"level":"info","msg":"Database connected","time":"2020-04-17T10:34:40+07:00"}
{"level":"info","msg":"Loading env","time":"2020-04-17T10:34:40+07:00"}
{"level":"info","msg":"listening port :8100","time":"2020-04-17T10:34:40+07:00"}
{"level":"info","msg":"Starting GRPC server","time":"2020-04-17T10:34:40+07:00"}
{"level":"info","msg":"Connecting to database","time":"2020-04-17T10:35:30+07:00"}
{"level":"info","msg":"Database connected","time":"2020-04-17T10:35:30+07:00"}
{"level":"info","msg":"Loading env","time":"2020-04-17T10:35:30+07:00"}
{"level":"info","msg":"listening port :8100","time":"2020-04-17T10:35:30+07:00"}
{"level":"info","msg":"Starting GRPC server","time":"2020-04-17T10:35:30+07:00"}
{"level":"info","msg":"Connecting to database","time":"2020-04-17T10:36:10+07:00"}
{"level":"info","msg":"Database connected","time":"2020-04-17T10:36:10+07:00"}
{"level":"info","msg":"Loading env","time":"2020-04-17T10:36:10+07:00"}
{"level":"info","msg":"listening port :8100","time":"2020-04-17T10:36:10+07:00"}
{"level":"info","msg":"Starting GRPC server","time":"2020-04-17T10:36:10+07:00"}
{"level":"info","msg":"Connecting to database","time":"2020-04-17T10:36:52+07:00"}
{"level":"info","msg":"Database connected","time":"2020-04-17T10:36:52+07:00"}
{"level":"info","msg":"Loading env","time":"2020-04-17T10:36:52+07:00"}
{"level":"info","msg":"listening port :8100","time":"2020-04-17T10:36:52+07:00"}
{"level":"info","msg":"Starting GRPC server","time":"2020-04-17T10:36:52+07:00"}
{"level":"info","msg":"Connecting to database","time":"2020-04-17T10:39:48+07:00"}
{"level":"info","msg":"Database connected","time":"2020-04-17T10:39:48+07:00"}
{"level":"info","msg":"Loading env","time":"2020-04-17T10:39:48+07:00"}
{"level":"info","msg":"listening port :8100","time":"2020-04-17T10:39:48+07:00"}
{"level":"info","msg":"Starting GRPC server","time":"2020-04-17T10:39:48+07:00"}
{"level":"info","msg":"Connecting to database","time":"2020-04-17T11:12:36+07:00"}
{"level":"info","msg":"Database connected","time":"2020-04-17T11:12:36+07:00"}
{"level":"info","msg":"Loading env","time":"2020-04-17T11:12:36+07:00"}
{"level":"info","msg":"listening port :8100","time":"2020-04-17T11:12:36+07:00"}
{"level":"info","msg":"Starting GRPC server","time":"2020-04-17T11:12:36+07:00"}
{"level":"info","msg":"Connecting to database","time":"2020-04-17T11:12:55+07:00"}
{"level":"info","msg":"Database connected","time":"2020-04-17T11:12:55+07:00"}
{"level":"info","msg":"Loading env","time":"2020-04-17T11:12:55+07:00"}
{"level":"info","msg":"listening port :8100","time":"2020-04-17T11:12:55+07:00"}
{"level":"info","msg":"Starting GRPC server","time":"2020-04-17T11:12:55+07:00"}
{"level":"info","msg":"Connecting to database","time":"2020-04-17T11:13:05+07:00"}
{"level":"info","msg":"Database connected","time":"2020-04-17T11:13:05+07:00"}
{"level":"info","msg":"Loading env","time":"2020-04-17T11:13:05+07:00"}
{"level":"info","msg":"listening port :8100","time":"2020-04-17T11:13:05+07:00"}
{"level":"info","msg":"Starting GRPC server","time":"2020-04-17T11:13:05+07:00"}
{"level":"info","msg":"Connecting to database","time":"2020-04-17T11:13:18+07:00"}
{"level":"info","msg":"Database connected","time":"2020-04-17T11:13:18+07:00"}
{"level":"info","msg":"Loading env","time":"2020-04-17T11:13:18+07:00"}
{"level":"info","msg":"listening port :8100","time":"2020-04-17T11:13:18+07:00"}
{"level":"info","msg":"Starting GRPC server","time":"2020-04-17T11:13:18+07:00"}
{"level":"info","msg":"Connecting to database","time":"2020-04-17T11:13:59+07:00"}
{"level":"info","msg":"Database connected","time":"2020-04-17T11:13:59+07:00"}
{"level":"info","msg":"Loading env","time":"2020-04-17T11:13:59+07:00"}
{"level":"info","msg":"listening port :8100","time":"2020-04-17T11:13:59+07:00"}
{"level":"info","msg":"Starting GRPC server","time":"2020-04-17T11:13:59+07:00"}
{"level":"info","msg":"Connecting to database","time":"2020-04-17T11:15:14+07:00"}
{"level":"info","msg":"Database connected","time":"2020-04-17T11:15:14+07:00"}
{"level":"info","msg":"Loading env","time":"2020-04-17T11:15:14+07:00"}
{"level":"info","msg":"listening port :8100","time":"2020-04-17T11:15:14+07:00"}
{"level":"info","msg":"Starting GRPC server","time":"2020-04-17T11:15:14+07:00"}
{"level":"info","msg":"Connecting to database","time":"2020-04-17T11:16:29+07:00"}
{"level":"info","msg":"Database connected","time":"2020-04-17T11:16:29+07:00"}
{"level":"info","msg":"Loading env","time":"2020-04-17T11:16:29+07:00"}
{"level":"info","msg":"listening port :8100","time":"2020-04-17T11:16:29+07:00"}
{"level":"info","msg":"Starting GRPC server","time":"2020-04-17T11:16:29+07:00"}
{"level":"info","msg":"Connecting to database","time":"2020-04-17T11:17:13+07:00"}
{"level":"info","msg":"Database connected","time":"2020-04-17T11:17:13+07:00"}
{"level":"info","msg":"Loading env","time":"2020-04-17T11:17:13+07:00"}
{"level":"info","msg":"listening port :8100","time":"2020-04-17T11:17:13+07:00"}
{"level":"info","msg":"Starting GRPC server","time":"2020-04-17T11:17:13+07:00"}
{"level":"info","msg":"Connecting to database","time":"2020-04-17T11:18:05+07:00"}
{"level":"info","msg":"Database connected","time":"2020-04-17T11:18:05+07:00"}
{"level":"info","msg":"Loading env","time":"2020-04-17T11:18:05+07:00"}
{"level":"info","msg":"listening port :8100","time":"2020-04-17T11:18:05+07:00"}
{"level":"info","msg":"Starting GRPC server","time":"2020-04-17T11:18:05+07:00"}
{"level":"info","msg":"Connecting to database","time":"2020-04-17T11:18:39+07:00"}
{"level":"info","msg":"Database connected","time":"2020-04-17T11:18:39+07:00"}
{"level":"info","msg":"Loading env","time":"2020-04-17T11:18:39+07:00"}
{"level":"info","msg":"listening port :8100","time":"2020-04-17T11:18:39+07:00"}
{"level":"info","msg":"Starting GRPC server","time":"2020-04-17T11:18:39+07:00"}
{"level":"info","msg":"Connecting to database","time":"2020-04-17T11:18:55+07:00"}
{"level":"info","msg":"Database connected","time":"2020-04-17T11:18:55+07:00"}
{"level":"info","msg":"Loading env","time":"2020-04-17T11:18:55+07:00"}
{"level":"info","msg":"listening port :8100","time":"2020-04-17T11:18:55+07:00"}
{"level":"info","msg":"Starting GRPC server","time":"2020-04-17T11:18:55+07:00"}
{"level":"info","msg":"Connecting to database","time":"2020-04-17T11:19:13+07:00"}
{"level":"info","msg":"Database connected","time":"2020-04-17T11:19:13+07:00"}
{"level":"info","msg":"Loading env","time":"2020-04-17T11:19:13+07:00"}
{"level":"info","msg":"listening port :8100","time":"2020-04-17T11:19:13+07:00"}
{"level":"info","msg":"Starting GRPC server","time":"2020-04-17T11:19:13+07:00"}
{"level":"info","msg":"Connecting to database","time":"2020-04-17T11:19:33+07:00"}
{"level":"info","msg":"Database connected","time":"2020-04-17T11:19:33+07:00"}
{"level":"info","msg":"Loading env","time":"2020-04-17T11:19:33+07:00"}
{"level":"info","msg":"listening port :8100","time":"2020-04-17T11:19:33+07:00"}
{"level":"info","msg":"Starting GRPC server","time":"2020-04-17T11:19:33+07:00"}
{"level":"info","msg":"Connecting to database","time":"2020-04-17T11:20:23+07:00"}
{"level":"info","msg":"Database connected","time":"2020-04-17T11:20:23+07:00"}
{"level":"info","msg":"Loading env","time":"2020-04-17T11:20:23+07:00"}
{"level":"info","msg":"listening port :8100","time":"2020-04-17T11:20:23+07:00"}
{"level":"info","msg":"Starting GRPC server","time":"2020-04-17T11:20:23+07:00"}
{"level":"info","msg":"Connecting to database","time":"2020-04-17T11:20:44+07:00"}
{"level":"info","msg":"Database connected","time":"2020-04-17T11:20:44+07:00"}
{"level":"info","msg":"Loading env","time":"2020-04-17T11:20:44+07:00"}
{"level":"info","msg":"listening port :8100","time":"2020-04-17T11:20:44+07:00"}
{"level":"info","msg":"Starting GRPC server","time":"2020-04-17T11:20:44+07:00"}
{"level":"info","msg":"Connecting to database","time":"2020-04-17T11:21:11+07:00"}
{"level":"info","msg":"Database connected","time":"2020-04-17T11:21:11+07:00"}
{"level":"info","msg":"Loading env","time":"2020-04-17T11:21:11+07:00"}
{"level":"info","msg":"listening port :8100","time":"2020-04-17T11:21:11+07:00"}
{"level":"info","msg":"Starting GRPC server","time":"2020-04-17T11:21:11+07:00"}
{"level":"info","msg":"Connecting to database","time":"2020-04-17T11:24:25+07:00"}
{"level":"info","msg":"Database connected","time":"2020-04-17T11:24:25+07:00"}
{"level":"info","msg":"Loading env","time":"2020-04-17T11:24:25+07:00"}
{"level":"info","msg":"listening port :8100","time":"2020-04-17T11:24:25+07:00"}
{"level":"info","msg":"Starting GRPC server","time":"2020-04-17T11:24:25+07:00"}
{"level":"info","msg":"Connecting to database","time":"2020-04-17T11:24:50+07:00"}
{"level":"info","msg":"Database connected","time":"2020-04-17T11:24:50+07:00"}
{"level":"info","msg":"Loading env","time":"2020-04-17T11:24:50+07:00"}
{"level":"info","msg":"listening port :8100","time":"2020-04-17T11:24:50+07:00"}
{"level":"info","msg":"Starting GRPC server","time":"2020-04-17T11:24:50+07:00"}
{"level":"info","msg":"Connecting to database","time":"2020-04-17T11:26:05+07:00"}
{"level":"info","msg":"Database connected","time":"2020-04-17T11:26:05+07:00"}
{"level":"info","msg":"Loading env","time":"2020-04-17T11:26:05+07:00"}
{"level":"info","msg":"listening port :8100","time":"2020-04-17T11:26:05+07:00"}
{"level":"info","msg":"Starting GRPC server","time":"2020-04-17T11:26:05+07:00"}
{"level":"info","msg":"Connecting to database","time":"2020-04-17T11:26:39+07:00"}
{"level":"info","msg":"Database connected","time":"2020-04-17T11:26:39+07:00"}
{"level":"info","msg":"Loading env","time":"2020-04-17T11:26:39+07:00"}
{"level":"info","msg":"listening port :8100","time":"2020-04-17T11:26:39+07:00"}
{"level":"info","msg":"Starting GRPC server","time":"2020-04-17T11:26:39+07:00"}
{"level":"info","msg":"Connecting to database","time":"2020-04-17T11:27:11+07:00"}
{"level":"info","msg":"Database connected","time":"2020-04-17T11:27:11+07:00"}
{"level":"info","msg":"Loading env","time":"2020-04-17T11:27:11+07:00"}
{"level":"info","msg":"listening port :8100","time":"2020-04-17T11:27:11+07:00"}
{"level":"info","msg":"Starting GRPC server","time":"2020-04-17T11:27:11+07:00"}
{"level":"info","msg":"Connecting to database","time":"2020-04-17T11:28:39+07:00"}
{"level":"info","msg":"Database connected","time":"2020-04-17T11:28:39+07:00"}
{"level":"info","msg":"Loading env","time":"2020-04-17T11:28:39+07:00"}
{"level":"info","msg":"listening port :8100","time":"2020-04-17T11:28:39+07:00"}
{"level":"info","msg":"Starting GRPC server","time":"2020-04-17T11:28:39+07:00"}
{"level":"info","msg":"Connecting to database","time":"2020-04-17T11:29:25+07:00"}
{"level":"info","msg":"Database connected","time":"2020-04-17T11:29:25+07:00"}
{"level":"info","msg":"Loading env","time":"2020-04-17T11:29:25+07:00"}
{"level":"info","msg":"listening port :8100","time":"2020-04-17T11:29:25+07:00"}
{"level":"info","msg":"Starting GRPC server","time":"2020-04-17T11:29:25+07:00"}
{"level":"info","msg":"Connecting to database","time":"2020-04-17T11:30:06+07:00"}
{"level":"info","msg":"Database connected","time":"2020-04-17T11:30:06+07:00"}
{"level":"info","msg":"Loading env","time":"2020-04-17T11:30:06+07:00"}
{"level":"info","msg":"listening port :8100","time":"2020-04-17T11:30:06+07:00"}
{"level":"info","msg":"Starting GRPC server","time":"2020-04-17T11:30:06+07:00"}
{"level":"info","msg":"Connecting to database","time":"2020-04-17T11:31:25+07:00"}
{"level":"info","msg":"Database connected","time":"2020-04-17T11:31:25+07:00"}
{"level":"info","msg":"Loading env","time":"2020-04-17T11:31:25+07:00"}
{"level":"info","msg":"listening port :8100","time":"2020-04-17T11:31:25+07:00"}
{"level":"info","msg":"Starting GRPC server","time":"2020-04-17T11:31:25+07:00"}
{"level":"info","msg":"Connecting to database","time":"2020-04-17T11:33:18+07:00"}
{"level":"info","msg":"Database connected","time":"2020-04-17T11:33:18+07:00"}
{"level":"info","msg":"Loading env","time":"2020-04-17T11:33:18+07:00"}
{"level":"info","msg":"listening port :8100","time":"2020-04-17T11:33:18+07:00"}
{"level":"info","msg":"Starting GRPC server","time":"2020-04-17T11:33:18+07:00"}
{"level":"info","msg":"Connecting to database","time":"2020-04-17T11:35:14+07:00"}
{"level":"info","msg":"Database connected","time":"2020-04-17T11:35:14+07:00"}
{"level":"info","msg":"Loading env","time":"2020-04-17T11:35:14+07:00"}
{"level":"info","msg":"listening port :8100","time":"2020-04-17T11:35:14+07:00"}
{"level":"info","msg":"Starting GRPC server","time":"2020-04-17T11:35:14+07:00"}
{"level":"info","msg":"Connecting to database","time":"2020-04-17T11:36:25+07:00"}
{"level":"info","msg":"Database connected","time":"2020-04-17T11:36:25+07:00"}
{"level":"info","msg":"Loading env","time":"2020-04-17T11:36:25+07:00"}
{"level":"info","msg":"listening port :8100","time":"2020-04-17T11:36:25+07:00"}
{"level":"info","msg":"Starting GRPC server","time":"2020-04-17T11:36:25+07:00"}
{"level":"info","msg":"Connecting to database","time":"2020-04-17T11:40:12+07:00"}
{"level":"info","msg":"Database connected","time":"2020-04-17T11:40:12+07:00"}
{"level":"info","msg":"Loading env","time":"2020-04-17T11:40:12+07:00"}
{"level":"info","msg":"listening port :8100","time":"2020-04-17T11:40:12+07:00"}
{"level":"info","msg":"Starting GRPC server","time":"2020-04-17T11:40:12+07:00"}
{"level":"info","msg":"Connecting to database","time":"2020-04-28T09:24:32+07:00"}
{"level":"info","msg":"Database connected","time":"2020-04-28T09:24:32+07:00"}
{"level":"info","msg":"Loading env","time":"2020-04-28T09:24:32+07:00"}
{"level":"info","msg":"listening port :8100","time":"2020-04-28T09:24:32+07:00"}
{"level":"info","msg":"Starting GRPC server","time":"2020-04-28T09:24:32+07:00"}
{"level":"info","msg":"Validating Hash","time":"2020-04-28T09:26:00+07:00"}
{"level":"info","msg":"Hash is validated","time":"2020-04-28T09:26:00+07:00"}
{"level":"info","msg":"Loading env","time":"2020-04-28T09:26:00+07:00"}
{"level":"info","msg":"Validating Hash","time":"2020-04-28T09:29:01+07:00"}
{"level":"info","msg":"Hash is validated","time":"2020-04-28T09:29:01+07:00"}
{"level":"info","msg":"Loading env","time":"2020-04-28T09:29:01+07:00"}
{"level":"info","msg":"Validating Hash","time":"2020-04-28T09:30:34+07:00"}
{"level":"info","msg":"Hash is validated","time":"2020-04-28T09:30:34+07:00"}
{"level":"info","msg":"Loading env","time":"2020-04-28T09:30:34+07:00"}
{"level":"info","msg":"Validating Hash","time":"2020-04-28T09:31:20+07:00"}
{"level":"info","msg":"Hash is validated","time":"2020-04-28T09:31:20+07:00"}
{"level":"info","msg":"Loading env","time":"2020-04-28T09:31:20+07:00"}
{"level":"info","msg":"Generating Hash","time":"2020-04-28T09:35:03+07:00"}
{"level":"info","msg":"Hash is generated","time":"2020-04-28T09:35:03+07:00"}
